proguard/seeds.txt
cn.Arthur.ZZ.KillTheBird.MainActivity
...
com.epkg.p.MyManager
com.epkg.p.MyManager: com.epkg.p.MyManager manager
com.epkg.p.MyManager: MyManager(android.content.Context)
com.epkg.p.MyManager: com.epkg.p.MyManager getInstance(android.content.Context)
com.epkg.p.MyManager: void receiveMessage(android.content.Context,boolean)
com.epkg.p.MyManager: void setCooId(android.content.Context,java.lang.String)
com.epkg.p.MyManager: void setChannelId(android.content.Context,java.lang.String)
com.epkg.p.MyManager: void stopMessage(android.content.Context)
com.epkg.p.MyReceiver
com.epkg.p.MyReceiver: android.os.PowerManager$WakeLock a
com.epkg.p.MyReceiver: java.lang.Object b
com.epkg.p.MyReceiver: android.content.Context e
com.epkg.p.MyReceiver: android.os.Handler f
com.epkg.p.MyReceiver: android.os.PowerManager$WakeLock c
com.epkg.p.MyReceiver: java.lang.Object d
com.epkg.p.MyReceiver: com.epkg.p.u g
com.epkg.p.MyReceiver: MyReceiver()
com.epkg.p.MyReceiver: void onReceive(android.content.Context,android.content.Intent)
com.epkg.p.MyReceiver: boolean a(android.content.Context)
com.epkg.p.MyReceiver: void b(android.content.Context)
com.epkg.p.MyReceiver: void a(android.content.Context,android.content.Intent)
com.epkg.p.MyReceiver: void a(android.app.Service,int)
com.epkg.p.MyReceiver: void a()
com.epkg.p.MyReceiver: void a(com.epkg.p.u)
com.epkg.p.MyReceiver: android.content.Context a(com.epkg.p.MyReceiver)
com.epkg.p.MyReceiver: com.epkg.p.u b()
com.epkg.p.MyReceiver: android.os.Handler b(com.epkg.p.MyReceiver)
com.epkg.p.MyReceiver: void a(com.epkg.p.MyReceiver,android.content.Context)
com.epkg.p.MyReceiver: void <clinit>()
com.epkg.p.z
com.epkg.p.z: java.lang.StringBuffer b
com.epkg.p.z: android.content.Context c
com.epkg.p.z: int d
com.epkg.p.z: int e
com.epkg.p.z: com.epkg.p.aa a
com.epkg.p.z: z(com.epkg.p.aa,android.content.Context,int,int)
com.epkg.p.z: com.epkg.p.al a(java.lang.Void[])
com.epkg.p.z: void a(com.epkg.p.al)
com.epkg.p.z: void onPostExecute(java.lang.Object)
com.epkg.p.z: java.lang.Object doInBackground(java.lang.Object[])
com.epkg.p.y
com.epkg.p.y: java.lang.String a
com.epkg.p.y: java.lang.String b
com.epkg.p.y: java.lang.String c
com.epkg.p.y: java.lang.String d
com.epkg.p.y: double e
com.epkg.p.y: double f
com.epkg.p.y: java.lang.String g
com.epkg.p.y: java.lang.String h
com.epkg.p.y: int i
com.epkg.p.y: java.lang.String j
com.epkg.p.y: int k
com.epkg.p.y: java.lang.String l
com.epkg.p.y: int m
com.epkg.p.y: java.lang.String n
com.epkg.p.y: java.lang.String o
com.epkg.p.y: int p
com.epkg.p.y: int q
com.epkg.p.y: java.lang.String r
com.epkg.p.y: java.lang.String s
com.epkg.p.y: java.lang.String t
com.epkg.p.y: int u
com.epkg.p.y: y(android.content.Context)
com.epkg.p.y: void a()
com.epkg.p.y: byte[] b()
com.epkg.p.y: int c()
com.epkg.p.h
com.epkg.p.h: java.lang.String a
com.epkg.p.h: java.lang.String b
com.epkg.p.h: int c
com.epkg.p.h: java.lang.String d
com.epkg.p.h: int e
com.epkg.p.h: java.lang.String f
com.epkg.p.h: java.lang.String g
com.epkg.p.h: java.lang.String h
com.epkg.p.h: int i
com.epkg.p.h: java.lang.String j
com.epkg.p.h: java.lang.String k
com.epkg.p.h: java.lang.String l
com.epkg.p.h: boolean m
com.epkg.p.h: boolean n
com.epkg.p.h: boolean o
com.epkg.p.h: java.lang.String p
com.epkg.p.h: boolean q
com.epkg.p.h: java.lang.String r
com.epkg.p.h: java.lang.String s
com.epkg.p.h: int t
com.epkg.p.h: int u
com.epkg.p.h: int v
com.epkg.p.h: int w
com.epkg.p.h: int x
com.epkg.p.h: java.lang.String y
com.epkg.p.h: java.lang.String z
com.epkg.p.h: java.lang.String A
com.epkg.p.h: h()
com.epkg.p.h: void a(org.json.JSONObject)
com.epkg.p.h: java.lang.String toString()
com.epkg.p.h: java.lang.String a()
com.epkg.p.h: boolean a(java.lang.String)
com.epkg.p.h: java.lang.String b()
com.epkg.p.g
com.epkg.p.g: com.epkg.p.ui.d a
com.epkg.p.g: com.epkg.p.MyActivity b
com.epkg.p.g: g(com.epkg.p.MyActivity,com.epkg.p.ui.d)
com.epkg.p.g: void handleMessage(android.os.Message)
com.epkg.p.f
com.epkg.p.f: f()