proguard/mapping.txt
cn.Arthur.ZZ.KillTheBird.Bird -> cn.Arthur.ZZ.KillTheBird.a:
    int v -> a
    android.graphics.Bitmap[] pic -> b
    android.graphics.Bitmap[] apic -> c
    int us -> d
    int upic -> e
    int x -> f
    int y -> g
    float mx -> h
    float vx -> i
    int height -> j
    int width -> k
    float g -> l
    int level -> m
    int isFly -> n
    float fg -> o
    float fv -> p
    int mh -> q
    void levelUp(int,int,int) -> a
cn.Arthur.ZZ.KillTheBird.GameView -> cn.Arthur.ZZ.KillTheBird.d:
    android.view.SurfaceHolder sfh -> c
    android.graphics.Paint paint -> d
    int textX -> e
    int textY -> f
    java.lang.Thread th -> g
    boolean flag -> h
    android.graphics.Canvas canvas -> i
    int screenW -> j
    int screenH -> k
    java.util.Random random -> l
    android.graphics.Bitmap bg_1 -> m
    android.graphics.Bitmap bg_2 -> n
    android.graphics.Bitmap bg_3 -> o
    float bg_scale -> p
    android.graphics.Bitmap pipe_up -> q
    android.graphics.Bitmap pipe_down -> r
    int pipeW -> s
    int pipeD -> t
    int fpipeD -> u
    int pipeDx -> v
    int pipeDy -> w
    int pipeclose -> x
    int pipeopen -> y
    boolean pipeRunning -> z
    int pipecloset -> A
    int pipeopent -> B
    java.util.ArrayList birdlist -> C
    android.graphics.Bitmap[][] birdpic -> D
    android.graphics.Bitmap[] abirdpic -> E
    int birdpics -> F
    int birdH -> G
    int birdW -> H
    int deltatime -> I
    android.graphics.Bitmap bloodpic -> J
    int bloodW -> K
    int bloodH -> L
    int bloodtime -> M
    cn.Arthur.ZZ.KillTheBird.SafeInt score -> N
    android.graphics.Typeface mFace -> O
    int fontsize -> P
    int mode -> Q
    boolean isStart -> R
    boolean isEnd -> S
    android.graphics.Bitmap tap -> T
    android.graphics.Bitmap ready -> U
    int tapDx -> V
    int ftapDx -> W
    int tapWay -> X
    int scoreW -> Y
    int scoreH -> Z
    int gameoverW -> aa
cn.Arthur.ZZ.KillTheBird.GameView$1 -> cn.Arthur.ZZ.KillTheBird.c:
    cn.Arthur.ZZ.KillTheBird.GameView this$0 -> a
    void run() -> run
cn.Arthur.ZZ.KillTheBird.MainActivity -> cn.Arthur.ZZ.KillTheBird.MainActivity:
    android.content.SharedPreferences sp -> c
    java.lang.String game1 -> d
    java.lang.String game2 -> e
    cn.Arthur.ZZ.KillTheBird.SafeInt games1 -> a
    cn.Arthur.ZZ.KillTheBird.SafeInt games2 -> b
    long clickTime -> f
    android.media.SoundPool soundp -> g
    java.util.HashMap soundm -> h
    boolean isShowAD -> i
    cn.Arthur.ZZ.KillTheBird.GameView gm -> j
    java.lang.String APPID -> k
    java.lang.String APPCHANNEL -> l
    int ADTimes -> m
    void onCreate(android.os.Bundle) -> onCreate
    void showAD() -> a
    void removeAD() -> b
    void SaveData() -> c
    void refresh(int,int) -> a
    void playMusic(java.lang.String) -> a
    void onDestroy() -> onDestroy
    boolean onKeyDown(int,android.view.KeyEvent) -> onKeyDown
    void onPause() -> onPause
    void onStop() -> onStop
    void onResume() -> onResume
    void onRestart() -> onRestart
cn.Arthur.ZZ.KillTheBird.SafeInt -> cn.Arthur.ZZ.KillTheBird.b:
    int[] num -> a
    int safe -> b
    void add(int) -> a
    int get() -> a
...
com.bpkg.m.l -> com.bpkg.m.a:
    android.content.Context a -> a
    com.bpkg.m.d b -> b
    void run() -> run
com.bpkg.m.m -> com.bpkg.m.c:
    com.bpkg.m.d a -> a
    void run() -> run
com.bpkg.m.view.ImageGallery -> com.bpkg.m.view.ImageGallery:
    android.graphics.Bitmap a -> a
    android.graphics.Bitmap b -> b
    int c -> c
    void a(android.graphics.Bitmap,android.graphics.Bitmap) -> a
    void draw(android.graphics.Canvas) -> draw
    void a(java.util.List) -> a
    void a(android.graphics.drawable.Drawable,int) -> a
    boolean onFling(android.view.MotionEvent,android.view.MotionEvent,float,float) -> onFling
    int a(com.bpkg.m.view.ImageGallery) -> a
com.bpkg.m.view.MyGridView -> com.bpkg.m.view.MyGridView:
    void onMeasure(int,int) -> onMeasure
com.bpkg.m.view.a -> com.bpkg.m.view.e:
    com.bpkg.m.view.h a -> a
    void onClick(android.view.View) -> onClick
com.bpkg.m.view.b -> com.bpkg.m.view.f:
    com.bpkg.m.view.h a -> a
    void onScrollStateChanged(android.widget.AbsListView,int) -> onScrollStateChanged
    void onScroll(android.widget.AbsListView,int,int,int) -> onScroll
com.bpkg.m.view.c -> com.bpkg.m.view.c:
    android.widget.ImageView a -> a
    android.content.Context b -> b
    com.bpkg.m.view.j c -> c
    void a(java.util.List) -> a
    void a(com.bpkg.m.view.j) -> a
    com.bpkg.m.view.j a(com.bpkg.m.view.c) -> a
com.bpkg.m.view.d -> com.bpkg.m.view.d:
    com.bpkg.m.view.c a -> a
    void onClick(android.view.View) -> onClick
com.bpkg.m.view.e -> com.bpkg.m.view.i:
    android.content.Context a -> a
    android.os.Handler b -> b
    java.lang.String c -> c
    void a(java.lang.String,java.io.File) -> a
    java.lang.String a(com.bpkg.m.view.e) -> a
    android.content.Context b(com.bpkg.m.view.e) -> b
    android.os.Handler c(com.bpkg.m.view.e) -> c
com.bpkg.m.view.f -> com.bpkg.m.view.j:
    java.io.File a -> a
    com.bpkg.m.view.i b -> b
    void run() -> run
com.bpkg.m.view.g -> com.bpkg.m.view.g:
    java.util.List a -> a
    com.bpkg.m.view.ImageGallery b -> b
    int getCount() -> getCount
    java.lang.Object getItem(int) -> getItem
    long getItemId(int) -> getItemId
    android.view.View getView(int,android.view.View,android.view.ViewGroup) -> getView
com.bpkg.m.view.h -> com.bpkg.m.view.h:
    android.widget.ProgressBar a -> a
    android.content.Context b -> b
    boolean c -> c
    com.bpkg.m.d.g d -> d
    int e -> e
    android.widget.TextView f -> f
    void a() -> a
    void b() -> b
    void c() -> c
    void d() -> d
    void f() -> e
    boolean a(com.bpkg.m.view.h) -> a
    int a(com.bpkg.m.view.h,int) -> a
    int b(com.bpkg.m.view.h) -> b
    android.widget.TextView c(com.bpkg.m.view.h) -> c
    com.bpkg.m.d.g d(com.bpkg.m.view.h) -> d
com.bpkg.m.view.i -> com.bpkg.m.view.a:
    com.bpkg.m.view.e a -> a
    void a(int,java.io.File) -> a
com.bpkg.m.view.j -> com.bpkg.m.view.b:
    void b(int) -> a