proguard/usage.txt
cn.Arthur.ZZ.KillTheBird.MainActivity:
    private android.widget.LinearLayout adlayout
cn.Arthur.ZZ.KillTheBird.R
cn.Arthur.ZZ.KillTheBird.R$attr
cn.Arthur.ZZ.KillTheBird.R$drawable
cn.Arthur.ZZ.KillTheBird.R$id
cn.Arthur.ZZ.KillTheBird.R$layout
cn.Arthur.ZZ.KillTheBird.R$raw
cn.Arthur.ZZ.KillTheBird.R$string
cn.Arthur.ZZ.KillTheBird.SafeInt:
    21:32:public void minus(int)
...
com.bpkg.m.MyMediaManager:
    public static final int LEFT_TOP
    public static final int LEFT_CENTER
    public static final int LEFT_BOTTOM
    public static final int CENTER_TOP
    public static final int CENTER_CENTER
    public static final int CENTER_BOTTOM
    public static final int RIGHT_TOP
    public static final int RIGHT_CENTER
    public static final int RIGHT_BOTTOM
    public static final int RANDOM
    public static void setAttributes(float,float,int)
    public static void showExitDialog(android.app.Activity,int,java.lang.String,java.lang.String)
    static void access$000(android.content.Context,int,java.lang.Class,int,boolean)
com.bpkg.m.a.ak:
    public void a(float,float,int)
    public void a(float,float)
com.bpkg.m.d:
    public synchronized void a(float,float,int)
com.bpkg.m.d.l
com.bpkg.m.i
com.bpkg.m.k